[Sat, 24 Jan 2015 02:40:32 +0000] (N); Creating database scheme
[Sat, 24 Jan 2015 02:40:33 +0000] (N); Importing data
[Sat, 24 Jan 2015 02:40:34 +0000] (N); Installing additional language en
[Sat, 24 Jan 2015 02:40:43 +0000] (N); access_restrictions add-on installed
[Sat, 24 Jan 2015 02:40:43 +0000] (N); attachments add-on installed
[Sat, 24 Jan 2015 02:40:43 +0000] (N); banners add-on installed
[Sat, 24 Jan 2015 02:40:44 +0000] (N); barcode add-on installed
[Sat, 24 Jan 2015 02:40:44 +0000] (N); bestsellers add-on installed
[Sat, 24 Jan 2015 02:40:44 +0000] (N); buy_together add-on installed
[Sat, 24 Jan 2015 02:40:44 +0000] (N); call_requests add-on installed
[Sat, 24 Jan 2015 02:40:44 +0000] (N); catalog_mode add-on installed
[Sat, 24 Jan 2015 02:40:44 +0000] (N); customers_also_bought add-on installed
[Sat, 24 Jan 2015 02:40:44 +0000] (N); data_feeds add-on installed
[Sat, 24 Jan 2015 02:40:47 +0000] (N); discussion add-on installed
[Sat, 24 Jan 2015 02:40:47 +0000] (N); email_marketing add-on installed
[Sat, 24 Jan 2015 02:40:47 +0000] (N); form_builder add-on installed
[Sat, 24 Jan 2015 02:40:48 +0000] (N); gift_certificates add-on installed
[Sat, 24 Jan 2015 02:40:48 +0000] (N); google_analytics add-on installed
[Sat, 24 Jan 2015 02:40:49 +0000] (N); google_sitemap add-on installed
[Sat, 24 Jan 2015 02:40:49 +0000] (N); help_tutorial add-on installed
[Sat, 24 Jan 2015 02:40:49 +0000] (N); hidpi add-on installed
[Sat, 24 Jan 2015 02:40:49 +0000] (N); hybrid_auth add-on installed
[Sat, 24 Jan 2015 02:40:50 +0000] (N); image_zoom add-on installed
[Sat, 24 Jan 2015 02:40:50 +0000] (N); janrain add-on installed
[Sat, 24 Jan 2015 02:40:50 +0000] (N); my_changes add-on installed
[Sat, 24 Jan 2015 02:40:51 +0000] (N); news_and_emails add-on installed
[Sat, 24 Jan 2015 02:40:51 +0000] (N); paypal add-on installed
[Sat, 24 Jan 2015 02:40:51 +0000] (N); polls add-on installed
[Sat, 24 Jan 2015 02:40:51 +0000] (N); price_list add-on installed
[Sat, 24 Jan 2015 02:40:51 +0000] (N); required_products add-on installed
[Sat, 24 Jan 2015 02:40:52 +0000] (N); reward_points add-on installed
[Sat, 24 Jan 2015 02:40:52 +0000] (N); rma add-on installed
[Sat, 24 Jan 2015 02:40:52 +0000] (N); rss_feed add-on installed
[Sat, 24 Jan 2015 02:40:53 +0000] (N); seo add-on installed
[Sat, 24 Jan 2015 02:40:57 +0000] (N); social_buttons add-on installed
[Sat, 24 Jan 2015 02:40:57 +0000] (N); store_locator add-on installed
[Sat, 24 Jan 2015 02:40:57 +0000] (N); tags add-on installed
[Sat, 24 Jan 2015 02:40:58 +0000] (N); twigmo add-on installed
[Sat, 24 Jan 2015 02:40:58 +0000] (N); vendor_data_premoderation add-on installed
[Sat, 24 Jan 2015 02:40:58 +0000] (N); watermarks add-on installed
[Sat, 24 Jan 2015 02:40:58 +0000] (N); wishlist add-on installed
